[2023-10-30 07:05:04](229.9 50.0 229.9 50.0 0114 0075 002 423 54.00 000 100 0038 0000 171.9 00.00 00000 00010111 00 00 00035 110
[2023-10-30 07:05:17](229.8 50.0 229.8 50.0 0114 0085 002 422 54.00 000 100 0038 0000 170.8 00.00 00000 00010111 00 00 00063 110
[2023-10-30 07:05:26](228.7 49.9 228.7 49.9 0114 0073 002 422 54.00 000 100 0038 0000 170.4 00.00 00000 00010111 00 00 00068 110
[2023-10-30 07:05:36](229.8 50.0 229.8 50.0 0114 0072 002 422 54.10 000 100 0038 0000 170.3 00.00 00000 00010111 00 00 00074 110
[2023-10-30 07:05:47](228.6 49.9 228.6 49.9 0114 0080 002 422 53.90 000 100 0038 0000 171.9 00.00 00000 00010111 00 00 00037 110
[2023-10-30 07:06:00](227.0 50.0 227.0 50.0 0113 0073 002 423 54.10 000 100 0038 0000 170.0 00.00 00000 00010111 00 00 00083 110
[2023-10-30 07:06:10](228.0 49.9 228.0 49.9 0091 0068 001 423 54.00 000 100 0038 0000 170.4 00.00 00000 00010111 00 00 00074 110
[2023-10-30 07:06:24](227.2 50.0 227.2 50.0 0136 0069 002 425 54.00 000 100 0038 0000 171.4 00.00 00000 00010111 00 00 00049 110
[2023-10-30 07:06:34](229.5 50.1 229.5 50.1 0114 0073 002 422 54.00 000 100 0038 0000 170.9 00.00 00000 00010111 00 00 00062 110
[2023-10-30 07:06:43](227.2 50.0 227.2 50.0 0114 0077 002 423 54.00 000 100 0038 0000 170.8 00.00 00000 00010111 00 00 00063 110
[2023-10-30 07:06:55](226.2 49.9 226.2 49.9 0114 0079 002 423 54.00 000 100 0038 0000 171.4 00.00 00000 00010111 00 00 00047 110
[2023-10-30 07:07:03](228.1 50.0 228.1 50.0 0114 0073 002 422 54.00 000 100 0038 0000 170.3 00.00 00000 00010111 00 00 00068 110
[2023-10-30 07:07:15](229.9 50.0 229.9 50.0 0114 0081 002 423 54.00 000 100 0038 0000 171.3 00.00 00000 00010111 00 00 00047 110
[2023-10-30 07:07:22](229.9 50.0 229.9 50.0 0114 0085 002 422 54.00 000 100 0038 0000 170.8 00.00 00000 00010111 00 00 00055 110
[2023-10-30 07:07:34](229.9 49.9 229.9 49.9 0114 0095 002 422 53.90 000 100 0038 0000 171.6 00.00 00000 00010111 00 00 00039 110
[2023-10-30 07:07:44](228.9 50.0 228.9 50.0 0114 0067 002 423 54.00 000 100 0038 0000 171.6 00.00 00000 00010111 00 00 00034 110
[2023-10-30 07:07:55](230.1 49.9 230.1 49.9 0115 0078 002 422 54.00 000 100 0038 0000 170.4 00.00 00000 00010111 00 00 00063 110
[2023-10-30 07:08:07](230.3 50.0 230.3 50.0 0115 0075 002 424 54.00 000 100 0038 0000 170.9 00.00 00000 00010111 00 00 00052 110
[2023-10-30 07:08:16](230.3 50.0 230.3 50.0 0115 0074 002 421 54.00 000 100 0038 0000 170.9 00.00 00000 00010111 00 00 00055 110
[2023-10-30 07:08:24](230.0 49.9 230.0 49.9 0115 0078 002 422 54.00 000 100 0038 0000 170.3 00.00 00000 00010111 00 00 00065 110
[2023-10-30 07:08:33](227.8 50.0 227.8 50.0 0113 0062 002 422 54.00 000 100 0038 0000 170.8 00.00 00000 00010111 00 00 00058 110
[2023-10-30 07:08:41](230.2 50.0 230.2 50.0 0115 0073 002 422 54.00 000 100 0038 0000 170.6 00.00 00000 00010111 00 00 00061 110
[2023-10-30 07:08:51](229.4 49.9 229.4 49.9 0114 0071 002 424 54.00 000 100 0038 0000 170.1 00.00 00000 00010111 00 00 00073 110
[2023-10-30 07:09:02](230.2 50.0 230.2 50.0 0115 0085 002 421 54.00 000 100 0038 0000 170.0 00.00 00000 00010111 00 00 00067 110
[2023-10-30 07:09:12](229.8 50.0 229.8 50.0 0114 0080 002 422 54.00 000 100 0038 0000 170.9 00.00 00000 00010111 00 00 00053 110
[2023-10-30 07:09:23](230.1 50.0 230.1 50.0 0115 0075 002 424 54.00 000 100 0038 0000 171.3 00.00 00000 00010111 00 00 00037 110
[2023-10-30 07:09:33](229.6 50.0 229.6 50.0 0114 0095 002 423 54.00 000 100 0038 0000 171.3 00.00 00000 00010111 00 00 00043 110
[2023-10-30 07:09:47](229.8 49.9 229.8 49.9 0091 0075 001 422 54.00 000 100 0038 0000 170.0 00.00 00000 00010111 00 00 00071 110
[2023-10-30 07:09:57](227.7 50.0 227.7 50.0 0091 0067 001 422 54.00 000 100 0038 0000 171.6 00.00 00000 00010111 00 00 00039 110
[2023-10-30 07:10:08](210.9 50.0 210.9 50.0 1919 1917 038 404 53.90 000 100 0038 0000 146.8 00.00 00000 00010111 00 00 00222 110
[2023-10-30 07:10:18](212.7 50.0 212.7 50.0 1939 1939 038 404 54.00 000 100 0038 0000 147.5 00.00 00000 00010111 00 00 00222 110
[2023-10-30 07:10:31](212.8 49.9 212.8 49.9 1938 1938 038 405 54.00 000 100 0038 0000 147.3 00.00 00000 00010111 00 00 00220 110
[2023-10-30 07:10:41](210.3 49.9 210.3 49.9 1937 1937 038 402 53.90 000 100 0038 0000 146.8 00.00 00000 00010111 00 00 00220 110
[2023-10-30 07:10:53](208.2 49.9 208.2 49.9 1844 1844 036 404 54.00 000 100 0038 0000 147.5 00.00 00000 00010111 00 00 00220 110
[2023-10-30 07:11:04](229.5 49.9 229.5 49.9 0114 0080 002 422 54.00 000 100 0038 0000 170.4 00.00 00000 00010111 00 00 00062 110
[2023-10-30 07:11:18](229.4 49.9 229.4 49.9 0114 0080 002 422 54.10 000 100 0038 0000 169.8 00.00 00000 00010111 00 00 00075 110
[2023-10-30 07:11:27](229.7 50.0 229.7 50.0 0114 0082 002 422 54.00 000 100 0038 0000 170.4 00.00 00000 00010111 00 00 00059 110
[2023-10-30 07:11:43](229.0 50.0 229.0 50.0 0091 0090 001 423 54.00 000 100 0038 0000 170.8 00.00 00000 00010111 00 00 00053 110
[2023-10-30 07:11:53](227.5 50.0 227.5 50.0 0114 0071 002 422 53.90 000 100 0038 0000 171.6 00.00 00000 00010111 00 00 00037 110
[2023-10-30 07:12:04](229.6 49.9 229.6 49.9 0114 0083 002 423 53.90 000 100 0038 0000 170.8 00.00 00000 00010111 00 00 00051 110
[2023-10-30 07:12:16](228.0 49.9 228.0 49.9 0091 0069 001 423 54.00 000 100 0038 0000 170.6 00.00 00000 00010111 00 00 00055 110
[2023-10-30 07:12:26](226.9 49.9 226.9 49.9 0113 0065 002 423 54.00 000 100 0038 0000 171.7 00.00 00000 00010111 00 00 00029 110
[2023-10-30 07:12:38](229.4 50.0 229.4 50.0 0137 0087 002 423 54.00 000 100 0038 0000 170.4 00.00 00000 00010111 00 00 00056 110
[2023-10-30 07:12:47](229.9 50.0 229.9 50.0 0114 0086 002 421 54.00 000 100 0038 0000 169.6 00.00 00000 00010111 00 00 00068 110
[2023-10-30 07:12:57](229.7 50.0 229.7 50.0 0093 0093 001 423 54.00 000 100 0038 0000 170.8 00.00 00000 00010111 00 00 00048 110
[2023-10-30 07:13:10](229.6 49.9 229.6 49.9 0114 0076 002 423 54.00 000 100 0038 0000 170.8 00.00 00000 00010111 00 00 00043 110
[2023-10-30 07:13:23](228.2 49.9 228.2 49.9 0114 0078 002 422 54.00 000 100 0038 0000 170.6 00.00 00000 00010111 00 00 00051 110
[2023-10-30 07:13:32](230.3 49.9 230.3 49.9 0138 0080 002 422 54.00 000 100 0038 0000 170.8 00.00 00000 00010111 00 00 00045 110
[2023-10-30 07:13:42](230.4 50.0 230.4 50.0 0115 0078 002 423 54.00 000 100 0038 0000 170.1 00.00 00000 00010111 00 00 00059 110
[2023-10-30 07:13:53](230.6 50.0 230.6 50.0 0115 0074 002 422 54.00 000 100 0038 0000 170.3 00.00 00000 00010111 00 00 00056 110
[2023-10-30 07:14:04](229.8 49.9 229.8 49.9 0092 0092 001 423 54.00 000 100 0038 0000 170.1 00.00 00000 00010111 00 00 00060 110
[2023-10-30 07:14:17](229.8 50.0 229.8 50.0 0114 0100 002 422 54.00 000 100 0038 0000 169.6 00.00 00000 00010111 00 00 00070 110
[2023-10-30 07:14:26](230.1 50.0 230.1 50.0 0115 0081 002 423 54.00 000 100 0038 0000 170.9 00.00 00000 00010111 00 00 00043 110
[2023-10-30 07:14:40](226.9 49.9 226.9 49.9 0090 0059 001 422 54.00 000 100 0038 0000 170.1 00.00 00000 00010111 00 00 00056 110
[2023-10-30 07:14:52](227.8 49.9 227.8 49.9 0091 0062 001 420 54.00 000 100 0038 0000 168.5 00.00 00000 00010111 00 00 00087 110
[2023-10-30 07:15:03](229.6 50.0 229.6 50.0 0091 0076 001 422 54.00 000 100 0038 0000 169.3 00.00 00000 00010111 00 00 00070 110
[2023-10-30 07:15:17](229.7 49.9 229.7 49.9 0114 0086 002 422 54.00 000 100 0038 0000 169.3 00.00 00000 00010111 00 00 00066 110
[2023-10-30 07:15:29](228.1 49.9 228.1 49.9 0114 0080 002 423 54.00 000 100 0038 0000 170.6 00.00 00000 00010111 00 00 00042 110
[2023-10-30 07:15:39](229.1 49.9 229.1 49.9 0114 0076 002 424 54.00 000 100 0038 0000 170.0 00.00 00000 00010111 00 00 00054 110
[2023-10-30 07:15:53](230.0 49.9 230.0 49.9 0115 0080 002 422 54.00 000 100 0038 0000 169.5 00.00 00000 00010111 00 00 00060 110
[2023-10-30 07:16:05](230.0 50.1 230.0 50.1 0091 0067 001 424 54.00 000 100 0038 0000 170.9 00.00 00000 00010111 00 00 00034 110
[2023-10-30 07:16:19](230.0 50.0 230.0 50.0 0094 0094 001 422 54.00 000 100 0038 0000 169.5 00.00 00000 00010111 00 00 00058 110
[2023-10-30 07:16:31](227.5 49.9 227.5 49.9 0113 0075 002 423 54.00 000 100 0038 0000 169.0 00.00 00000 00010111 00 00 00063 110
[2023-10-30 07:16:41](229.1 49.8 229.1 49.8 0114 0076 002 422 54.00 000 100 0038 0000 169.8 00.00 00000 00010111 00 00 00052 110
[2023-10-30 07:16:50](227.8 49.9 227.8 49.9 0091 0070 001 422 54.00 000 100 0038 0000 169.8 00.00 00000 00010111 00 00 00046 110
[2023-10-30 07:17:02](229.2 50.0 229.2 50.0 0090 0063 001 424 53.90 000 100 0038 0000 170.3 00.00 00000 00010111 00 00 00038 110
[2023-10-30 07:17:11](227.8 49.9 227.8 49.9 0091 0061 001 423 54.00 000 100 0038 0000 169.0 00.00 00000 00010111 00 00 00059 110
[2023-10-30 07:17:23](229.9 50.0 229.9 50.0 0091 0079 001 425 53.90 000 100 0038 0000 169.5 00.00 00000 00010111 00 00 00051 110
[2023-10-30 07:17:37](230.2 49.9 230.2 49.9 0114 0086 002 422 54.00 000 100 0038 0000 168.7 00.00 00000 00010111 00 00 00059 110
[2023-10-30 07:17:44](229.9 49.9 229.9 49.9 0114 0082 002 423 54.00 000 100 0038 0000 169.8 00.00 00000 00010111 00 00 00039 110
[2023-10-30 07:17:56](229.8 50.0 229.8 50.0 0091 0085 001 423 54.00 000 100 0038 0000 169.5 00.00 00000 00010111 00 00 00046 110
[2023-10-30 07:18:06](228.6 49.8 228.6 49.8 0091 0069 001 424 54.00 000 100 0038 0000 169.0 00.00 00000 00010111 00 00 00055 110
[2023-10-30 07:18:16](229.9 49.9 229.9 49.9 0113 0070 002 423 54.00 000 100 0038 0000 168.3 00.00 00000 00010111 00 00 00060 110
[2023-10-30 07:18:17](226.5 49.9 226.5 49.9 0090 0059 001 422 54.00 000 100 0038 0000 168.5 00.00 00000 00010111 00 00 00062 110
[2023-10-30 07:18:22](229.8 49.9 229.8 49.9 0114 0073 002 423 54.00 000 100 0038 0000 169.2 00.00 00000 00010111 00 00 00050 110
[2023-10-30 07:18:35](229.7 49.9 229.7 49.9 0114 0073 002 423 54.00 000 100 0038 0000 169.5 00.00 00000 00010111 00 00 00040 110
[2023-10-30 07:18:50](229.7 49.9 229.7 49.9 0114 0077 002 423 54.00 000 100 0038 0000 167.7 00.00 00000 00010111 00 00 00070 110
[2023-10-30 07:18:52](229.5 50.0 229.5 50.0 0114 0076 002 422 54.00 000 100 0038 0000 169.8 00.00 00000 00010111 00 00 00034 110
[2023-10-30 07:19:01](228.1 49.9 228.1 49.9 0136 0087 002 421 54.00 000 100 0038 0000 167.9 00.00 00000 00010111 00 00 00065 110
[2023-10-30 07:19:15](229.7 49.9 229.7 49.9 0114 0080 002 423 54.00 000 100 0038 0000 167.9 00.00 00000 00010111 00 00 00064 110
[2023-10-30 07:19:18](211.6 50.0 211.6 50.0 1950 1950 039 402 54.10 000 100 0038 0000 140.5 00.00 00000 00010111 00 00 00161 110
[2023-10-30 07:19:26](212.4 49.9 212.4 49.9 1937 1937 038 405 54.00 000 100 0038 0000 147.1 00.00 00000 00010111 00 00 00165 110
[2023-10-30 07:19:32](208.3 50.0 208.3 50.0 1930 1930 038 401 54.10 000 100 0038 0000 148.7 00.00 00000 00010111 00 00 00163 110
[2023-10-30 07:19:42](211.7 50.0 211.7 50.0 1919 1919 038 404 54.10 000 100 0038 0000 147.8 00.00 00000 00010111 00 00 00163 110
[2023-10-30 07:19:51](210.1 49.9 210.1 49.9 1911 1911 038 404 54.00 000 100 0038 0000 147.0 00.00 00000 00010111 00 00 00162 110
[2023-10-30 07:20:01](227.2 50.0 227.2 50.0 0113 0058 002 425 54.00 000 100 0038 0000 169.5 00.00 00000 00010111 00 00 00036 110
[2023-10-30 07:20:06](229.9 50.0 229.9 50.0 0114 0080 002 421 54.00 000 100 0038 0000 164.8 00.00 00000 00010111 00 00 00095 110
[2023-10-30 07:20:19](229.2 50.0 229.2 50.0 0114 0075 002 422 54.00 000 100 0038 0000 167.0 00.00 00000 00010111 00 00 00066 110
[2023-10-30 07:20:28](229.7 50.0 229.7 50.0 0114 0074 002 422 54.00 000 100 0038 0000 167.5 00.00 00000 00010111 00 00 00062 110
[2023-10-30 07:20:39](229.2 50.0 229.2 50.0 0095 0095 001 422 54.10 000 100 0038 0000 165.8 00.00 00000 00010111 00 00 00084 110
[2023-10-30 07:20:49](227.0 49.9 227.0 49.9 0090 0064 001 422 54.00 000 100 0038 0000 167.2 00.00 00000 00010111 00 00 00066 110
[2023-10-30 07:20:56](229.5 49.9 229.5 49.9 0114 0087 002 423 54.00 000 100 0038 0000 168.2 00.00 00000 00010111 00 00 00052 110
[2023-10-30 07:21:06](229.4 49.9 229.4 49.9 0114 0076 002 423 54.00 000 100 0038 0000 168.8 00.00 00000 00010111 00 00 00035 110
[2023-10-30 07:21:12](225.4 49.9 225.4 49.9 0114 0083 002 422 54.00 000 100 0038 0000 168.0 00.00 00000 00010111 00 00 00052 110
[2023-10-30 07:21:20](229.4 49.9 229.4 49.9 0114 0077 002 422 54.00 000 100 0038 0000 167.7 00.00 00000 00010111 00 00 00057 110
[2023-10-30 07:21:30](229.0 50.0 229.0 50.0 0090 0060 001 422 54.00 000 100 0038 0000 167.7 00.00 00000 00010111 00 00 00056 110
[2023-10-30 07:21:40](229.6 49.9 229.6 49.9 0114 0076 002 423 54.00 000 100 0038 0000 168.3 00.00 00000 00010111 00 00 00049 110
[2023-10-30 07:21:48](229.0 50.0 229.0 50.0 0137 0090 002 422 54.00 000 100 0038 0000 167.2 00.00 00000 00010111 00 00 00062 110
[2023-10-30 07:21:58](227.3 50.0 227.3 50.0 0090 0089 001 423 54.00 000 100 0038 0000 168.2 00.00 00000 00010111 00 00 00050 110
[2023-10-30 07:22:10](228.3 50.0 228.3 50.0 0114 0074 002 422 54.00 000 100 0038 0000 167.5 00.00 00000 00010111 00 00 00058 110
[2023-10-30 07:22:21](229.5 49.9 229.5 49.9 0114 0071 002 423 54.00 000 100 0038 0000 168.2 00.00 00000 00010111 00 00 00051 110
[2023-10-30 07:22:30](229.6 49.9 229.6 49.9 0114 0073 002 422 54.00 000 100 0038 0000 168.7 00.00 00000 00010111 00 00 00041 110
[2023-10-30 07:22:40](229.3 49.9 229.3 49.9 0114 0081 002 425 54.00 000 100 0038 0000 167.9 00.00 00000 00010111 00 00 00051 110
[2023-10-30 07:22:50](227.2 49.9 227.2 49.9 0090 0058 001 422 54.00 000 100 0038 0000 167.0 00.00 00000 00010111 00 00 00064 110
[2023-10-30 07:22:59](228.8 49.8 228.8 49.8 0114 0093 002 423 53.90 000 100 0038 0000 170.1 00.00 00000 00010111 00 00 00017 110
[2023-10-30 07:23:11](227.4 49.9 227.4 49.9 0137 0070 002 422 54.00 000 100 0038 0000 168.2 00.00 00000 00010111 00 00 00050 110
[2023-10-30 07:23:23](229.7 49.9 229.7 49.9 0114 0093 002 423 54.00 000 100 0038 0000 167.5 00.00 00000 00010111 00 00 00059 110
[2023-10-30 07:23:32](230.0 49.9 230.0 49.9 0115 0077 002 422 54.00 000 100 0038 0000 167.4 00.00 00000 00010111 00 00 00061 110
[2023-10-30 07:23:41](229.0 49.9 229.0 49.9 0114 0076 002 423 54.00 000 100 0038 0000 167.9 00.00 00000 00010111 00 00 00052 110
[2023-10-30 07:23:52](229.0 49.9 229.0 49.9 0114 0079 002 422 54.00 000 100 0038 0000 167.2 00.00 00000 00010111 00 00 00060 110
[2023-10-30 07:24:00](229.8 50.0 229.8 50.0 0114 0077 002 422 54.00 000 100 0038 0000 168.7 00.00 00000 00010111 00 00 00040 110
[2023-10-30 07:24:04](228.9 49.9 228.9 49.9 0115 0087 002 422 54.00 000 100 0038 0000 166.6 00.00 00000 00010111 00 00 00068 110
[2023-10-30 07:24:13](230.1 49.9 230.1 49.9 0092 0080 001 423 54.00 000 100 0038 0000 167.0 00.00 00000 00010111 00 00 00061 110
[2023-10-30 07:24:25](230.4 49.9 230.4 49.9 0115 0088 002 422 54.00 000 100 0038 0000 166.6 00.00 00000 00010111 00 00 00068 110
[2023-10-30 07:24:34](229.9 49.9 229.9 49.9 0114 0084 002 422 54.00 000 100 0038 0000 166.9 00.00 00000 00010111 00 00 00064 110
[2023-10-30 07:24:39](227.0 50.0 227.0 50.0 0090 0066 001 422 54.00 000 100 0038 0000 166.7 00.00 00000 00010111 00 00 00067 110
[2023-10-30 07:24:51](230.1 50.0 230.1 50.0 0115 0078 002 422 54.00 000 100 0038 0000 167.9 00.00 00000 00010111 00 00 00052 110
[2023-10-30 07:24:58](229.9 49.9 229.9 49.9 0114 0081 002 423 54.00 000 100 0038 0000 167.7 00.00 00000 00010111 00 00 00055 110
[2023-10-30 07:25:08](229.8 50.0 229.8 50.0 0137 0094 002 422 54.00 000 100 0038 0000 166.1 00.00 00000 00010111 00 00 00072 110
[2023-10-30 07:25:16](229.5 50.0 229.5 50.0 0114 0076 002 423 54.00 000 100 0038 0000 168.8 00.00 00000 00010111 00 00 00037 110
[2023-10-30 07:25:25](230.2 50.0 230.2 50.0 0115 0077 002 423 54.00 000 100 0038 0000 167.0 00.00 00000 00010111 00 00 00060 110
[2023-10-30 07:25:31](230.0 49.9 230.0 49.9 0091 0082 001 423 54.00 000 100 0038 0000 166.6 00.00 00000 00010111 00 00 00066 110
[2023-10-30 07:25:40](230.2 50.0 230.2 50.0 0114 0069 002 422 54.00 000 100 0038 0000 167.9 00.00 00000 00010111 00 00 00051 110
[2023-10-30 07:25:48](228.3 49.9 228.3 49.9 0091 0063 001 424 54.00 000 100 0038 0000 168.8 00.00 00000 00010111 00 00 00036 110
[2023-10-30 07:25:58](230.3 49.9 230.3 49.9 0115 0070 002 422 54.00 000 100 0038 0000 168.2 00.00 00000 00010111 00 00 00044 110
[2023-10-30 07:26:06](228.4 49.9 228.4 49.9 0091 0063 001 422 54.00 000 100 0038 0000 167.2 00.00 00000 00010111 00 00 00057 110
[2023-10-30 07:26:16](229.9 49.9 229.9 49.9 0091 0076 001 421 54.00 000 100 0038 0000 168.0 00.00 00000 00010111 00 00 00046 110
[2023-10-30 07:26:23](230.2 49.9 230.2 49.9 0115 0068 002 423 54.00 000 100 0038 0000 167.0 00.00 00000 00010111 00 00 00060 110
[2023-10-30 07:26:32](229.6 49.9 229.6 49.9 0092 0069 001 422 54.00 000 100 0038 0000 167.4 00.00 00000 00010111 00 00 00054 110
[2023-10-30 07:26:40](229.2 49.9 229.2 49.9 0114 0075 002 423 54.00 000 100 0038 0000 167.0 00.00 00000 00010111 00 00 00059 110
[2023-10-30 07:26:49](226.2 49.9 226.2 49.9 0113 0049 002 424 54.00 000 100 0038 0000 168.8 00.00 00000 00010111 00 00 00032 110
[2023-10-30 07:26:58](230.0 49.9 230.0 49.9 0114 0069 002 422 54.00 000 100 0038 0000 167.0 00.00 00000 00010111 00 00 00057 110
[2023-10-30 07:27:08](229.8 49.9 229.8 49.9 0114 0087 002 422 54.00 000 100 0038 0000 167.4 00.00 00000 00010111 00 00 00056 110
[2023-10-30 07:27:15](230.0 49.9 230.0 49.9 0115 0072 002 423 54.00 000 100 0038 0000 167.0 00.00 00000 00010111 00 00 00060 110
[2023-10-30 07:27:24](229.8 49.9 229.8 49.9 0091 0066 001 423 54.00 000 100 0038 0000 167.0 00.00 00000 00010111 00 00 00058 110
[2023-10-30 07:27:34](227.6 49.9 227.6 49.9 0091 0059 001 423 54.00 000 100 0038 0000 168.0 00.00 00000 00010111 00 00 00048 110
[2023-10-30 07:27:44](229.3 49.9 229.3 49.9 0091 0067 001 423 54.00 000 100 0038 0000 167.0 00.00 00000 00010111 00 00 00060 110
[2023-10-30 07:27:50](226.4 49.9 226.4 49.9 0113 0069 002 423 54.10 000 100 0038 0000 165.4 00.00 00000 00010111 00 00 00082 110
[2023-10-30 07:27:58](229.4 49.9 229.4 49.9 0091 0069 001 422 54.00 000 100 0038 0000 167.2 00.00 00000 00010111 00 00 00059 110
[2023-10-30 07:28:06](228.3 49.8 228.3 49.8 0091 0068 001 422 54.00 000 100 0038 0000 166.9 00.00 00000 00010111 00 00 00062 110
[2023-10-30 07:28:15](228.4 50.0 228.4 50.0 0114 0067 002 422 54.00 000 100 0038 0000 167.2 00.00 00000 00010111 00 00 00056 110
[2023-10-30 07:28:23](229.2 50.0 229.2 50.0 0114 0089 002 423 54.00 000 100 0038 0000 166.2 00.00 00000 00010111 00 00 00068 110
[2023-10-30 07:28:34](227.6 50.0 227.6 50.0 0091 0074 001 422 54.00 000 100 0038 0000 166.7 00.00 00000 00010111 00 00 00065 110
[2023-10-30 07:28:46](227.5 50.0 227.5 50.0 0091 0059 001 423 53.90 000 100 0038 0000 168.8 00.00 00000 00010111 00 00 00034 110
[2023-10-30 07:28:54](229.9 49.9 229.9 49.9 0091 0088 001 423 54.00 000 100 0038 0000 167.7 00.00 00000 00010111 00 00 00054 110
[2023-10-30 07:29:02](229.6 49.9 229.6 49.9 0091 0071 001 422 54.00 000 100 0038 0000 167.5 00.00 00000 00010111 00 00 00054 110
[2023-10-30 07:29:16](228.9 49.9 228.9 49.9 0114 0071 002 423 54.00 000 100 0038 0000 167.5 00.00 00000 00010111 00 00 00058 110
[2023-10-30 07:29:23](226.5 49.9 226.5 49.9 0114 0075 002 422 54.00 000 100 0038 0000 165.8 00.00 00000 00010111 00 00 00078 110
[2023-10-30 07:29:35](229.3 49.9 229.3 49.9 0090 0049 001 423 54.00 000 100 0038 0000 168.3 00.00 00000 00010111 00 00 00045 110
[2023-10-30 07:29:44](228.6 49.9 228.6 49.9 0114 0075 002 423 54.00 000 100 0038 0000 168.0 00.00 00000 00010111 00 00 00052 110
[2023-10-30 07:29:57](226.1 49.9 226.1 49.9 0114 0073 002 422 54.00 000 100 0038 0000 166.4 00.00 00000 00010111 00 00 00070 110
[2023-10-30 07:30:05](227.9 49.8 227.9 49.8 0091 0066 001 422 54.00 000 100 0038 0000 167.2 00.00 00000 00010111 00 00 00061 110
[2023-10-30 07:30:15](228.3 49.9 228.3 49.9 0091 0066 001 422 54.00 000 100 0038 0000 167.5 00.00 00000 00010111 00 00 00058 110
[2023-10-30 07:30:20](226.3 49.9 226.3 49.9 0090 0058 001 423 54.00 000 100 0038 0000 166.2 00.00 00000 00010111 00 00 00076 110
[2023-10-30 07:30:29](226.4 49.8 226.4 49.8 0090 0065 001 422 54.00 000 100 0038 0000 167.0 00.00 00000 00010111 00 00 00062 110
[2023-10-30 07:30:37](229.3 49.9 229.3 49.9 0091 0073 001 422 54.00 000 100 0038 0000 167.4 00.00 00000 00010111 00 00 00061 110
[2023-10-30 07:30:48](229.1 49.9 229.1 49.9 0090 0054 001 422 54.00 000 100 0038 0000 168.2 00.00 00000 00010111 00 00 00052 110
[2023-10-30 07:30:57](229.8 49.9 229.8 49.9 0091 0067 001 420 54.00 000 100 0038 0000 165.8 00.00 00000 00010111 00 00 00081 110
[2023-10-30 07:31:07](229.9 49.9 229.9 49.9 0091 0071 001 424 54.00 000 100 0038 0000 168.3 00.00 00000 00010111 00 00 00048 110
[2023-10-30 07:31:15](229.2 50.0 229.2 50.0 0091 0066 001 421 54.00 000 100 0038 0000 166.2 00.00 00000 00010111 00 00 00073 110
[2023-10-30 07:31:25](229.6 49.9 229.6 49.9 0114 0076 002 422 54.00 000 100 0038 0000 168.0 00.00 00000 00010111 00 00 00057 110
[2023-10-30 07:31:36](229.7 49.9 229.7 49.9 0091 0069 001 422 54.00 000 100 0038 0000 168.3 00.00 00000 00010111 00 00 00049 110
[2023-10-30 07:31:45](226.4 49.9 226.4 49.9 0113 0070 002 422 54.00 000 100 0038 0000 167.5 00.00 00000 00010111 00 00 00058 110
[2023-10-30 07:31:53](228.9 50.0 228.9 50.0 0114 0068 002 423 54.00 000 100 0038 0000 167.7 00.00 00000 00010111 00 00 00056 110
[2023-10-30 07:32:02](229.0 49.8 229.0 49.8 0091 0075 001 423 54.00 000 100 0038 0000 168.0 00.00 00000 00010111 00 00 00056 110
[2023-10-30 07:32:11](228.8 49.9 228.8 49.9 0091 0067 001 423 54.00 000 100 0038 0000 168.3 00.00 00000 00010111 00 00 00052 110
[2023-10-30 07:32:21](229.4 49.9 229.4 49.9 0091 0071 001 423 54.00 000 100 0038 0000 168.8 00.00 00000 00010111 00 00 00042 110
[2023-10-30 07:32:27](229.4 49.9 229.4 49.9 0091 0068 001 423 54.00 000 100 0038 0000 169.2 00.00 00000 00010111 00 00 00040 110
[2023-10-30 07:32:36](230.1 49.9 230.1 49.9 0091 0065 001 422 54.00 000 100 0038 0000 167.5 00.00 00000 00010111 00 00 00063 110
[2023-10-30 07:32:43](229.0 49.8 229.0 49.8 0114 0073 002 423 54.00 000 100 0038 0000 169.2 00.00 00000 00010111 00 00 00038 110
[2023-10-30 07:32:52](230.1 50.0 230.1 50.0 0091 0059 001 424 53.90 000 100 0038 0000 170.4 00.00 00000 00010111 00 00 00023 110
[2023-10-30 07:33:00](230.4 49.9 230.4 49.9 0092 0067 001 422 54.10 000 100 0038 0000 166.6 00.00 00000 00010111 00 00 00075 110
[2023-10-30 07:33:10](230.0 49.9 230.0 49.9 0114 0073 002 423 54.00 000 100 0038 0000 169.0 00.00 00000 00010111 00 00 00047 110
[2023-10-30 07:33:17](229.6 49.9 229.6 49.9 0091 0065 001 422 54.00 000 100 0038 0000 167.9 00.00 00000 00010111 00 00 00061 110
[2023-10-30 07:33:26](229.3 49.9 229.3 49.9 0114 0068 002 422 54.00 000 100 0038 0000 168.0 00.00 00000 00010111 00 00 00059 110
[2023-10-30 07:33:34](229.2 49.9 229.2 49.9 0114 0069 002 422 54.00 000 100 0038 0000 168.2 00.00 00000 00010111 00 00 00054 110
[2023-10-30 07:33:43](227.0 49.9 227.0 49.9 0090 0054 001 422 54.00 000 100 0038 0000 167.7 00.00 00000 00010111 00 00 00065 110
[2023-10-30 07:33:51](229.9 49.9 229.9 49.9 0091 0060 001 422 54.00 000 100 0038 0000 167.0 00.00 00000 00010111 00 00 00072 110
[2023-10-30 07:34:00](228.5 49.9 228.5 49.9 0114 0067 002 423 54.00 000 100 0038 0000 168.0 00.00 00000 00010111 00 00 00059 110
[2023-10-30 07:34:07](229.1 50.0 229.1 50.0 0114 0072 002 423 54.00 000 100 0038 0000 167.5 00.00 00000 00010111 00 00 00070 110
[2023-10-30 07:35:32](229.6 49.9 229.6 49.9 0091 0072 001 422 54.00 000 100 0038 0000 166.7 00.00 00000 00010111 00 00 00078 110
[2023-10-30 07:35:45](229.1 49.9 229.1 49.9 0114 0071 002 424 54.00 000 100 0038 0000 170.1 00.00 00000 00010111 00 00 00032 110
[2023-10-30 07:35:58](229.8 49.9 229.8 49.9 0091 0070 001 423 54.00 000 100 0038 0000 168.0 00.00 00000 00010111 00 00 00058 110
[2023-10-30 07:36:10](230.2 49.9 230.2 49.9 0115 0074 002 423 54.00 000 100 0038 0000 168.8 00.00 00000 00010111 00 00 00049 110
[2023-10-30 07:36:18](230.0 50.0 230.0 50.0 0114 0084 002 423 54.00 000 100 0038 0000 168.2 00.00 00000 00010111 00 00 00056 110
[2023-10-30 07:36:30](229.9 49.9 229.9 49.9 0091 0060 001 421 54.00 000 100 0038 0000 168.3 00.00 00000 00010111 00 00 00056 110
[2023-10-30 07:36:40](229.6 49.9 229.6 49.9 0114 0075 002 422 54.00 000 100 0038 0000 167.2 00.00 00000 00010111 00 00 00069 110
[2023-10-30 07:36:52](226.9 49.9 226.9 49.9 0113 0073 002 422 54.00 000 100 0038 0000 167.9 00.00 00000 00010111 00 00 00061 110
[2023-10-30 07:37:01](228.7 49.9 228.7 49.9 0114 0085 002 422 54.00 000 100 0038 0000 168.3 00.00 00000 00010111 00 00 00054 110
[2023-10-30 07:37:13](229.3 49.9 229.3 49.9 0114 0075 002 423 54.00 000 100 0038 0000 168.5 00.00 00000 00010111 00 00 00047 110
[2023-10-30 07:37:23](227.9 50.0 227.9 50.0 0091 0068 001 423 54.00 000 100 0038 0000 169.0 00.00 00000 00010111 00 00 00040 110
[2023-10-30 07:37:35](229.1 49.9 229.1 49.9 0137 0074 002 421 54.00 000 100 0038 0000 168.2 00.00 00000 00010111 00 00 00053 110
